flo -> (-1, -1)
identifier -> (1, 1)
. -> (-1, -1)
dec -> (-1, -1)
identifier -> (2, 2)
. -> (-1, -1)
in -> (-1, -1)
> -> (-1, -1)
identifier -> (3, 1)
. -> (-1, -1)
in -> (-1, -1)
> -> (-1, -1)
identifier -> (4, 2)
. -> (-1, -1)
loop -> (-1, -1)
int const -> (5, 3)
-> -> (-1, -1)
^ -> (-1, -1)
identifier -> (5, 2)
: -> (-1, -1)
[ -> (-1, -1)
identifier -> (7, 1)
{} -> (-1, -1)
identifier -> (7, 1)
$ -> (-1, -1)
identifier -> (7, 1)
. -> (-1, -1)
] -> (-1, -1)
out -> (-1, -1)
< -> (-1, -1)
identifier -> (9, 1)
. -> (-1, -1)
