dec -> (-1, -1)
identifier -> (1, 1)
. -> (-1, -1)
in -> (-1, -1)
> -> (-1, -1)
identifier -> (2, 1)
. -> (-1, -1)
dec -> (-1, -1)
identifier -> (3, 2)
{} -> (-1, -1)
int const -> (3, 3)
. -> (-1, -1)
loop -> (-1, -1)
int const -> (4, 4)
-> -> (-1, -1)
identifier -> (4, 1)
: -> (-1, -1)
[ -> (-1, -1)
dec -> (-1, -1)
identifier -> (6, 5)
. -> (-1, -1)
in -> (-1, -1)
> -> (-1, -1)
identifier -> (7, 5)
. -> (-1, -1)
iff -> (-1, -1)
identifier -> (8, 5)
> -> (-1, -1)
> -> (-1, -1)
> -> (-1, -1)
int const -> (8, 3)
: -> (-1, -1)
[ -> (-1, -1)
identifier -> (10, 2)
{} -> (-1, -1)
identifier -> (10, 2)
& -> (-1, -1)
identifier -> (10, 5)
. -> (-1, -1)
] -> (-1, -1)
] -> (-1, -1)
out -> (-1, -1)
< -> (-1, -1)
identifier -> (13, 2)
. -> (-1, -1)
ret -> (-1, -1)
int const -> (14, 3)
. -> (-1, -1)
